Build started 2/20/2020 6:34:41 AM.
Project "C:\Work\cppunit-1.12.1\src\cppunit\cppunit.vcxproj" on node 2 (rebuild target(s)).
_PrepareForClean:
  Deleting file ".\vc60\Debug\cppunit.lastbuildstate".
InitializeBuildStatus:
  Touching ".\vc60\Debug\cppunit.unsuccessfulbuild".
ClCompile:
  C:\Program Files\Microsoft Visual Studio 10.0\VC\bin\CL.exe /c /I..\..\include /Zi /nologo /W3 /WX- /Od /Oy- /D _DEBUG /D _LIB /D WIN32 /D _VC80_UPGRADE=0x0600 /D _MBCS /Gm /EHsc /RTC1 /MDd /GS /Gy- /fp:precise /Zc:wchar_t /Zc:forScope /GR /Fo".\vc60\Debug\\" /Fd".\vc60\Debug\vc100.pdb" /Gd /TP /analyze- /errorReport:prompt BriefTestProgressListener.cpp TestResultCollector.cpp TestSuccessListener.cpp TextTestProgressListener.cpp TextTestResult.cpp TextTestRunner.cpp CompilerOutputter.cpp TextOutputter.cpp XmlOutputter.cpp XmlOutputterHook.cpp AdditionalMessage.cpp Asserter.cpp Exception.cpp Message.cpp SourceLine.cpp SynchronizedObject.cpp Test.cpp TestAssert.cpp TestCase.cpp TestComposite.cpp TestFailure.cpp TestLeaf.cpp TestPath.cpp TestResult.cpp TestRunner.cpp TestSuite.cpp TestFactoryRegistry.cpp TestNamer.cpp TestSuiteBuilderContext.cpp TypeInfoHelper.cpp RepeatedTest.cpp TestCaseDecorator.cpp TestDecorator.cpp TestSetUp.cpp BeOsDynamicLibraryManager.cpp DynamicLibraryManager.cpp DynamicLibraryManagerException.cpp PlugInManager.cpp PlugInParameters.cpp ShlDynamicLibraryManager.cpp TestPlugInDefaultImpl.cpp UnixDynamicLibraryManager.cpp Win32DynamicLibraryManager.cpp StringTools.cpp XmlDocument.cpp XmlElement.cpp DefaultProtector.cpp Protector.cpp ProtectorChain.cpp
  ProtectorChain.cpp
  Protector.cpp
  DefaultProtector.cpp
  XmlElement.cpp
  XmlDocument.cpp
  StringTools.cpp
  Win32DynamicLibraryManager.cpp
  UnixDynamicLibraryManager.cpp
  TestPlugInDefaultImpl.cpp
  ShlDynamicLibraryManager.cpp
  PlugInParameters.cpp
  PlugInManager.cpp
  DynamicLibraryManagerException.cpp
  DynamicLibraryManager.cpp
  BeOsDynamicLibraryManager.cpp
  TestSetUp.cpp
  TestDecorator.cpp
  TestCaseDecorator.cpp
  RepeatedTest.cpp
  TypeInfoHelper.cpp
  Generating Code...
  Compiling...
  TestSuiteBuilderContext.cpp
  TestNamer.cpp
  TestFactoryRegistry.cpp
  TestSuite.cpp
  TestRunner.cpp
  TestResult.cpp
  TestPath.cpp
  TestLeaf.cpp
  TestFailure.cpp
  TestComposite.cpp
  TestCase.cpp
  TestAssert.cpp
  Test.cpp
  SynchronizedObject.cpp
  SourceLine.cpp
  Message.cpp
  Exception.cpp
  Asserter.cpp
  AdditionalMessage.cpp
  XmlOutputterHook.cpp
  Generating Code...
  Compiling...
  XmlOutputter.cpp
  TextOutputter.cpp
  CompilerOutputter.cpp
  TextTestRunner.cpp
  TextTestResult.cpp
  TextTestProgressListener.cpp
  TestSuccessListener.cpp
  TestResultCollector.cpp
  BriefTestProgressListener.cpp
  Generating Code...
C:\Program Files\MSBuild\Microsoft.Cpp\v4.0\Microsoft.CppBuild.targets(1151,5): warning MSB8012: TargetPath(C:\Work\cppunit-1.12.1\src\cppunit\.\vc60\Debug\cppunit.lib) does not match the Library's OutputFile property value (C:\Work\cppunit-1.12.1\src\cppunit\vc60\Debug\cppunitd.lib). This may cause your project to build incorrectly. To correct this, please make sure that $(OutDir), $(TargetName) and $(TargetExt) property values match the value specified in %(Lib.OutputFile).
C:\Program Files\MSBuild\Microsoft.Cpp\v4.0\Microsoft.CppBuild.targets(1153,5): warning MSB8012: TargetName(cppunit) does not match the Library's OutputFile property value (cppunitd). This may cause your project to build incorrectly. To correct this, please make sure that $(OutDir), $(TargetName) and $(TargetExt) property values match the value specified in %(Lib.OutputFile).
Lib:
  C:\Program Files\Microsoft Visual Studio 10.0\VC\bin\Lib.exe /OUT:"vc60\Debug\cppunitd.lib" /NOLOGO .\vc60\Debug\BriefTestProgressListener.obj
  .\vc60\Debug\TestResultCollector.obj
  .\vc60\Debug\TestSuccessListener.obj
  .\vc60\Debug\TextTestProgressListener.obj
  .\vc60\Debug\TextTestResult.obj
  .\vc60\Debug\TextTestRunner.obj
  .\vc60\Debug\CompilerOutputter.obj
  .\vc60\Debug\TextOutputter.obj
  .\vc60\Debug\XmlOutputter.obj
  .\vc60\Debug\XmlOutputterHook.obj
  .\vc60\Debug\AdditionalMessage.obj
  .\vc60\Debug\Asserter.obj
  .\vc60\Debug\Exception.obj
  .\vc60\Debug\Message.obj
  .\vc60\Debug\SourceLine.obj
  .\vc60\Debug\SynchronizedObject.obj
  .\vc60\Debug\Test.obj
  .\vc60\Debug\TestAssert.obj
  .\vc60\Debug\TestCase.obj
  .\vc60\Debug\TestComposite.obj
  .\vc60\Debug\TestFailure.obj
  .\vc60\Debug\TestLeaf.obj
  .\vc60\Debug\TestPath.obj
  .\vc60\Debug\TestResult.obj
  .\vc60\Debug\TestRunner.obj
  .\vc60\Debug\TestSuite.obj
  .\vc60\Debug\TestFactoryRegistry.obj
  .\vc60\Debug\TestNamer.obj
  .\vc60\Debug\TestSuiteBuilderContext.obj
  .\vc60\Debug\TypeInfoHelper.obj
  .\vc60\Debug\RepeatedTest.obj
  .\vc60\Debug\TestCaseDecorator.obj
  .\vc60\Debug\TestDecorator.obj
  .\vc60\Debug\TestSetUp.obj
  .\vc60\Debug\BeOsDynamicLibraryManager.obj
  .\vc60\Debug\DynamicLibraryManager.obj
  .\vc60\Debug\DynamicLibraryManagerException.obj
  .\vc60\Debug\PlugInManager.obj
  .\vc60\Debug\PlugInParameters.obj
  .\vc60\Debug\ShlDynamicLibraryManager.obj
  .\vc60\Debug\TestPlugInDefaultImpl.obj
  .\vc60\Debug\UnixDynamicLibraryManager.obj
  .\vc60\Debug\Win32DynamicLibraryManager.obj
  .\vc60\Debug\StringTools.obj
  .\vc60\Debug\XmlDocument.obj
  .\vc60\Debug\XmlElement.obj
  .\vc60\Debug\DefaultProtector.obj
  .\vc60\Debug\Protector.obj
  .\vc60\Debug\ProtectorChain.obj
  cppunit.vcxproj -> C:\Work\cppunit-1.12.1\src\cppunit\.\vc60\Debug\cppunit.lib
PostBuildEvent:
  Description: Copying target to lib/
  copy "C:\Work\cppunit-1.12.1\src\cppunit\.\vc60\Debug\cppunit.lib" ..\..\lib\vc60\cppunit.lib
  :VCEnd
  The system cannot find the file specified.
C:\Program Files\MSBuild\Microsoft.Cpp\v4.0\Microsoft.CppCommon.targets(113,5): error MSB3073: The command "copy "C:\Work\cppunit-1.12.1\src\cppunit\.\vc60\Debug\cppunit.lib" ..\..\lib\vc60\cppunit.lib
C:\Program Files\MSBuild\Microsoft.Cpp\v4.0\Microsoft.CppCommon.targets(113,5): error MSB3073: :VCEnd" exited with code 1.
Done Building Project "C:\Work\cppunit-1.12.1\src\cppunit\cppunit.vcxproj" (rebuild target(s)) -- FAILED.

Build FAILED.

Time Elapsed 00:00:19.30
